

Started GET "/assets/rails.png" for 128.253.43.19 at 2013-01-23 19:19:47 +0000
Connecting to database specified by database.yml
Served asset /rails.png - 200 OK (6ms)


Started GET "/assets/rails.png" for 128.253.43.19 at 2013-01-23 19:23:31 +0000
Served asset /rails.png - 304 Not Modified (0ms)


Started GET "/assets/rails.png" for 128.84.127.79 at 2013-01-30 18:40:35 +0000
Connecting to database specified by database.yml
Served asset /rails.png - 200 OK (6ms)


Started GET "/static_pages/help" for 128.84.127.79 at 2013-01-30 18:42:23 +0000
Connecting to database specified by database.yml
Processing by StaticPagesController#help as HTML
  Rendered static_pages/help.html.erb within layouts/application (3.6ms)
Compiled static_pages.css  (80ms)  (pid 1312)
Compiled application.css  (111ms)  (pid 1312)
Compiled jquery.js  (3ms)  (pid 1312)
Compiled jquery_ujs.js  (0ms)  (pid 1312)
Compiled static_pages.js  (460ms)  (pid 1312)
Compiled application.js  (561ms)  (pid 1312)
Completed 200 OK in 841ms (Views: 840.5ms | ActiveRecord: 0.0ms)


Started GET "/assets/application.css?body=1" for 128.84.127.79 at 2013-01-30 18:42:24 +0000
Served asset /application.css - 200 OK (4ms)


Started GET "/assets/jquery.js?body=1" for 128.84.127.79 at 2013-01-30 18:42:25 +0000
Served asset /jquery.js - 200 OK (9ms)


Started GET "/assets/static_pages.css?body=1" for 128.84.127.79 at 2013-01-30 18:42:25 +0000
Served asset /static_pages.css - 200 OK (2ms)


Started GET "/assets/jquery_ujs.js?body=1" for 128.84.127.79 at 2013-01-30 18:42:25 +0000
Served asset /jquery_ujs.js - 200 OK (3ms)


Started GET "/assets/application.js?body=1" for 128.84.127.79 at 2013-01-30 18:42:25 +0000
Served asset /application.js - 200 OK (10ms)


Started GET "/assets/static_pages.js?body=1" for 128.84.127.79 at 2013-01-30 18:42:25 +0000
Served asset /static_pages.js - 200 OK (3ms)


Started GET "/static_pages/home" for 128.84.127.79 at 2013-01-30 18:42:32 +0000
Processing by StaticPagesController#home as HTML
  Rendered static_pages/home.html.erb within layouts/application (0.5ms)
Completed 200 OK in 46ms (Views: 45.8ms | ActiveRecord: 0.0ms)


Started GET "/assets/static_pages.css?body=1" for 128.84.127.79 at 2013-01-30 18:42:32 +0000
Served asset /static_pages.css - 304 Not Modified (0ms)


Started GET "/assets/static_pages.js?body=1" for 128.84.127.79 at 2013-01-30 18:42:32 +0000
Served asset /static_pages.js - 304 Not Modified (0ms)
Connecting to database specified by database.yml


Started GET "/static_pages/home" for 128.84.127.79 at 2013-01-30 19:29:16 +0000
Connecting to database specified by database.yml
Processing by StaticPagesController#home as HTML
  Rendered static_pages/home.html.erb within layouts/application (3.0ms)
Completed 200 OK in 109ms (Views: 108.3ms | ActiveRecord: 0.0ms)


Started GET "/assets/static_pages.js?body=1" for 128.84.127.79 at 2013-01-30 19:29:17 +0000
Served asset /static_pages.js - 304 Not Modified (4ms)


Started GET "/assets/static_pages.css?body=1" for 128.84.127.79 at 2013-01-30 19:29:17 +0000
Served asset /static_pages.css - 304 Not Modified (2ms)


Started GET "/static_pages/about" for 128.84.127.79 at 2013-01-30 19:29:27 +0000
Processing by StaticPagesController#about as HTML
  Rendered static_pages/about.html.erb within layouts/application (0.5ms)
Completed 200 OK in 10ms (Views: 9.1ms | ActiveRecord: 0.0ms)


Started GET "/assets/static_pages.js?body=1" for 128.84.127.79 at 2013-01-30 19:29:27 +0000
Served asset /static_pages.js - 304 Not Modified (0ms)


Started GET "/assets/static_pages.css?body=1" for 128.84.127.79 at 2013-01-30 19:29:27 +0000
Served asset /static_pages.css - 304 Not Modified (0ms)


Started GET "/static_pages/help" for 128.84.127.79 at 2013-01-30 19:29:35 +0000
Processing by StaticPagesController#help as HTML
  Rendered static_pages/help.html.erb within layouts/application (0.5ms)
Completed 200 OK in 9ms (Views: 8.8ms | ActiveRecord: 0.0ms)


Started GET "/assets/static_pages.css?body=1" for 128.84.127.79 at 2013-01-30 19:29:35 +0000
Served asset /static_pages.css - 304 Not Modified (2ms)


Started GET "/assets/static_pages.js?body=1" for 128.84.127.79 at 2013-01-30 19:29:35 +0000
Served asset /static_pages.js - 304 Not Modified (0ms)


Started GET "/static_pages/help" for 128.84.127.79 at 2013-01-30 19:33:23 +0000
Processing by StaticPagesController#help as HTML
  Rendered static_pages/help.html.erb within layouts/application (0.1ms)
Completed 200 OK in 10ms (Views: 9.7ms | ActiveRecord: 0.0ms)


Started GET "/assets/static_pages.js?body=1" for 128.84.127.79 at 2013-01-30 19:33:23 +0000
Served asset /static_pages.js - 304 Not Modified (0ms)


Started GET "/assets/static_pages.css?body=1" for 128.84.127.79 at 2013-01-30 19:33:23 +0000
Served asset /static_pages.css - 304 Not Modified (0ms)
Connecting to database specified by database.yml
Connecting to database specified by database.yml
Connecting to database specified by database.yml
  [1m[36m (0.2ms)[0m  [1mselect sqlite_version(*)[0m
  [1m[35m (34.1ms)[0m  CREATE TABLE "schema_migrations" ("version" varchar(255) NOT NULL) 
  [1m[36m (31.5ms)[0m  [1mCREATE UNIQUE INDEX "unique_schema_migrations" ON "schema_migrations" ("version")[0m
  [1m[35m (0.1ms)[0m  SELECT "schema_migrations"."version" FROM "schema_migrations" 
Migrating to CreateUsers (20130206184214)
  [1m[36m (0.0ms)[0m  [1mbegin transaction[0m
  [1m[35m (0.3ms)[0m  CREATE TABLE "users" ("id" INTEGER PRIMARY KEY AUTOINCREMENT NOT NULL, "name" varchar(255), "email" varchar(255), "created_at" datetime NOT NULL, "updated_at" datetime NOT NULL) 
  [1m[36m (0.1ms)[0m  [1mINSERT INTO "schema_migrations" ("version") VALUES ('20130206184214')[0m
  [1m[35m (38.0ms)[0m  commit transaction
  [1m[36m (0.1ms)[0m  [1mSELECT "schema_migrations"."version" FROM "schema_migrations" [0m
Connecting to database specified by database.yml
  [1m[36m (0.2ms)[0m  [1mSELECT "schema_migrations"."version" FROM "schema_migrations" [0m
  [1m[35m (0.3ms)[0m  select sqlite_version(*)
  [1m[36m (32.3ms)[0m  [1mCREATE TABLE "users" ("id" INTEGER PRIMARY KEY AUTOINCREMENT NOT NULL, "name" varchar(255), "email" varchar(255), "created_at" datetime NOT NULL, "updated_at" datetime NOT NULL) [0m
  [1m[35m (38.7ms)[0m  CREATE TABLE "schema_migrations" ("version" varchar(255) NOT NULL) 
  [1m[36m (34.5ms)[0m  [1mCREATE UNIQUE INDEX "unique_schema_migrations" ON "schema_migrations" ("version")[0m
  [1m[35m (0.1ms)[0m  SELECT version FROM "schema_migrations"
  [1m[36m (27.4ms)[0m  [1mINSERT INTO "schema_migrations" (version) VALUES ('20130206184214')[0m


Started GET "/users" for 128.84.127.4 at 2013-02-06 18:48:33 +0000
Connecting to database specified by database.yml
Processing by UsersController#index as HTML
  [1m[36mUser Load (0.1ms)[0m  [1mSELECT "users".* FROM "users" [0m
  Rendered users/index.html.erb within layouts/application (39.3ms)
Compiled scaffolds.css  (34ms)  (pid 1364)
Compiled users.css  (1ms)  (pid 1364)
Compiled application.css  (67ms)  (pid 1364)
Compiled users.js  (412ms)  (pid 1364)
Compiled application.js  (427ms)  (pid 1364)
Completed 200 OK in 864ms (Views: 749.9ms | ActiveRecord: 4.0ms)


Started GET "/assets/scaffolds.css?body=1" for 128.84.127.4 at 2013-02-06 18:48:35 +0000
Served asset /scaffolds.css - 200 OK (4ms)


Started GET "/assets/application.css?body=1" for 128.84.127.4 at 2013-02-06 18:48:35 +0000
Served asset /application.css - 200 OK (5ms)


Started GET "/assets/users.css?body=1" for 128.84.127.4 at 2013-02-06 18:48:35 +0000
Served asset /users.css - 200 OK (2ms)


Started GET "/assets/static_pages.css?body=1" for 128.84.127.4 at 2013-02-06 18:48:35 +0000
Served asset /static_pages.css - 200 OK (2ms)


Started GET "/assets/jquery_ujs.js?body=1" for 128.84.127.4 at 2013-02-06 18:48:35 +0000
Served asset /jquery_ujs.js - 200 OK (2ms)


Started GET "/assets/jquery.js?body=1" for 128.84.127.4 at 2013-02-06 18:48:35 +0000
Served asset /jquery.js - 200 OK (4ms)


Started GET "/assets/static_pages.js?body=1" for 128.84.127.4 at 2013-02-06 18:48:35 +0000
Served asset /static_pages.js - 200 OK (7ms)


Started GET "/assets/users.js?body=1" for 128.84.127.4 at 2013-02-06 18:48:35 +0000
Served asset /users.js - 200 OK (1ms)


Started GET "/assets/application.js?body=1" for 128.84.127.4 at 2013-02-06 18:48:35 +0000
Served asset /application.js - 200 OK (47ms)
Connecting to database specified by database.yml


Started GET "/users" for 128.84.127.4 at 2013-02-06 19:09:39 +0000
Processing by UsersController#index as HTML
  [1m[35mUser Load (0.1ms)[0m  SELECT "users".* FROM "users" 
  Rendered users/index.html.erb within layouts/application (4.6ms)
Completed 200 OK in 27ms (Views: 15.1ms | ActiveRecord: 0.7ms)


Started GET "/assets/scaffolds.css?body=1" for 128.84.127.4 at 2013-02-06 19:09:39 +0000
Served asset /scaffolds.css - 304 Not Modified (0ms)


Started GET "/assets/users.css?body=1" for 128.84.127.4 at 2013-02-06 19:09:39 +0000
Served asset /users.css - 304 Not Modified (0ms)


Started GET "/assets/users.js?body=1" for 128.84.127.4 at 2013-02-06 19:09:39 +0000
Served asset /users.js - 304 Not Modified (0ms)


Started GET "/users" for 128.84.127.4 at 2013-02-06 19:11:12 +0000
Processing by UsersController#index as HTML
  [1m[36mUser Load (0.2ms)[0m  [1mSELECT "users".* FROM "users" [0m
  Rendered users/index.html.erb within layouts/application (3.3ms)
Completed 200 OK in 16ms (Views: 14.7ms | ActiveRecord: 0.2ms)


Started GET "/assets/scaffolds.css?body=1" for 128.84.127.4 at 2013-02-06 19:11:13 +0000
Served asset /scaffolds.css - 304 Not Modified (0ms)


Started GET "/assets/users.js?body=1" for 128.84.127.4 at 2013-02-06 19:11:13 +0000
Served asset /users.js - 304 Not Modified (0ms)


Started GET "/assets/users.css?body=1" for 128.84.127.4 at 2013-02-06 19:11:13 +0000
Served asset /users.css - 304 Not Modified (0ms)


Started GET "/users/3" for 128.84.127.4 at 2013-02-06 19:11:32 +0000
Processing by UsersController#show as HTML
  Parameters: {"id"=>"3"}
  [1m[35mUser Load (0.3ms)[0m  SELECT "users".* FROM "users" WHERE "users"."id" = ? LIMIT 1  [["id", "3"]]
  Rendered users/show.html.erb within layouts/application (1.8ms)
Completed 200 OK in 14ms (Views: 11.3ms | ActiveRecord: 0.3ms)


Started GET "/assets/scaffolds.css?body=1" for 128.84.127.4 at 2013-02-06 19:11:33 +0000
Served asset /scaffolds.css - 304 Not Modified (0ms)


Started GET "/assets/users.css?body=1" for 128.84.127.4 at 2013-02-06 19:11:33 +0000
Served asset /users.css - 304 Not Modified (0ms)


Started GET "/assets/users.js?body=1" for 128.84.127.4 at 2013-02-06 19:11:33 +0000
Served asset /users.js - 304 Not Modified (0ms)


Started GET "/users/3/edit" for 128.84.127.4 at 2013-02-06 19:11:35 +0000
Processing by UsersController#edit as HTML
  Parameters: {"id"=>"3"}
  [1m[36mUser Load (0.1ms)[0m  [1mSELECT "users".* FROM "users" WHERE "users"."id" = ? LIMIT 1[0m  [["id", "3"]]
  Rendered users/_form.html.erb (11.5ms)
  Rendered users/edit.html.erb within layouts/application (57.3ms)
Completed 200 OK in 69ms (Views: 66.7ms | ActiveRecord: 0.1ms)


Started GET "/assets/scaffolds.css?body=1" for 128.84.127.4 at 2013-02-06 19:11:35 +0000
Served asset /scaffolds.css - 304 Not Modified (0ms)


Started GET "/assets/users.css?body=1" for 128.84.127.4 at 2013-02-06 19:11:35 +0000
Served asset /users.css - 304 Not Modified (0ms)


Started GET "/assets/users.js?body=1" for 128.84.127.4 at 2013-02-06 19:11:35 +0000
Served asset /users.js - 304 Not Modified (0ms)


Started GET "/users" for 128.84.127.4 at 2013-02-06 19:11:39 +0000
Processing by UsersController#index as HTML
  [1m[35mUser Load (0.2ms)[0m  SELECT "users".* FROM "users" 
  Rendered users/index.html.erb within layouts/application (2.8ms)
Completed 200 OK in 14ms (Views: 12.3ms | ActiveRecord: 0.2ms)


Started GET "/assets/scaffolds.css?body=1" for 128.84.127.4 at 2013-02-06 19:11:39 +0000
Served asset /scaffolds.css - 304 Not Modified (0ms)


Started GET "/assets/users.css?body=1" for 128.84.127.4 at 2013-02-06 19:11:39 +0000
Served asset /users.css - 304 Not Modified (0ms)


Started GET "/assets/users.js?body=1" for 128.84.127.4 at 2013-02-06 19:11:39 +0000
Served asset /users.js - 304 Not Modified (0ms)
Connecting to database specified by database.yml
Connecting to database specified by database.yml
  [1m[36m (0.1ms)[0m  [1mSELECT "schema_migrations"."version" FROM "schema_migrations" [0m
Migrating to CreateUsers (20130206184214)
Migrating to CreateMicroPosts (20130206192231)
  [1m[35m (0.1ms)[0m  select sqlite_version(*)
  [1m[36m (0.1ms)[0m  [1mbegin transaction[0m
  [1m[35m (0.6ms)[0m  CREATE TABLE "micro_posts" ("id" INTEGER PRIMARY KEY AUTOINCREMENT NOT NULL, "user_id" integer, "content" varchar(255), "created_at" datetime NOT NULL, "updated_at" datetime NOT NULL) 
  [1m[36m (0.1ms)[0m  [1mINSERT INTO "schema_migrations" ("version") VALUES ('20130206192231')[0m
  [1m[35m (39.0ms)[0m  commit transaction
  [1m[36m (0.1ms)[0m  [1mSELECT "schema_migrations"."version" FROM "schema_migrations" [0m
Connecting to database specified by database.yml
  [1m[36m (0.1ms)[0m  [1mSELECT "schema_migrations"."version" FROM "schema_migrations" [0m
  [1m[35m (0.3ms)[0m  select sqlite_version(*)
  [1m[36m (84.9ms)[0m  [1mCREATE TABLE "micro_posts" ("id" INTEGER PRIMARY KEY AUTOINCREMENT NOT NULL, "user_id" integer, "content" varchar(255), "created_at" datetime NOT NULL, "updated_at" datetime NOT NULL) [0m
  [1m[35m (52.4ms)[0m  CREATE TABLE "users" ("id" INTEGER PRIMARY KEY AUTOINCREMENT NOT NULL, "name" varchar(255), "email" varchar(255), "created_at" datetime NOT NULL, "updated_at" datetime NOT NULL) 
  [1m[36m (35.6ms)[0m  [1mCREATE TABLE "schema_migrations" ("version" varchar(255) NOT NULL) [0m
  [1m[35m (47.6ms)[0m  CREATE UNIQUE INDEX "unique_schema_migrations" ON "schema_migrations" ("version")
  [1m[36m (0.1ms)[0m  [1mSELECT version FROM "schema_migrations"[0m
  [1m[35m (35.6ms)[0m  INSERT INTO "schema_migrations" (version) VALUES ('20130206192231')
  [1m[36m (512.0ms)[0m  [1mINSERT INTO "schema_migrations" (version) VALUES ('20130206184214')[0m
Connecting to database specified by database.yml


Started GET "/users" for 128.84.127.23 at 2013-02-17 19:14:52 +0000
Connecting to database specified by database.yml
Processing by UsersController#index as HTML
  [1m[36mUser Load (0.1ms)[0m  [1mSELECT "users".* FROM "users" [0m
  Rendered users/index.html.erb within layouts/application (11.0ms)
Completed 200 OK in 516ms (Views: 398.0ms | ActiveRecord: 39.0ms)


Started GET "/assets/application.css?body=1" for 128.84.127.23 at 2013-02-17 19:14:53 +0000
Served asset /application.css - 200 OK (7ms)


Started GET "/assets/micro_posts.css?body=1" for 128.84.127.23 at 2013-02-17 19:14:53 +0000
Served asset /micro_posts.css - 200 OK (44ms)


Started GET "/assets/scaffolds.css?body=1" for 128.84.127.23 at 2013-02-17 19:14:54 +0000
Served asset /scaffolds.css - 200 OK (10ms)


Started GET "/assets/jquery.js?body=1" for 128.84.127.23 at 2013-02-17 19:14:54 +0000
Served asset /jquery.js - 200 OK (7ms)


Started GET "/assets/users.css?body=1" for 128.84.127.23 at 2013-02-17 19:14:54 +0000
Served asset /users.css - 200 OK (2ms)


Started GET "/assets/static_pages.css?body=1" for 128.84.127.23 at 2013-02-17 19:14:54 +0000
Served asset /static_pages.css - 200 OK (2ms)


Started GET "/assets/jquery_ujs.js?body=1" for 128.84.127.23 at 2013-02-17 19:14:54 +0000
Served asset /jquery_ujs.js - 200 OK (3ms)


Started GET "/assets/micro_posts.js?body=1" for 128.84.127.23 at 2013-02-17 19:14:54 +0000
Served asset /micro_posts.js - 200 OK (2ms)


Started GET "/assets/static_pages.js?body=1" for 128.84.127.23 at 2013-02-17 19:14:54 +0000
Served asset /static_pages.js - 200 OK (4ms)


Started GET "/assets/users.js?body=1" for 128.84.127.23 at 2013-02-17 19:14:54 +0000
Served asset /users.js - 200 OK (2ms)


Started GET "/assets/application.js?body=1" for 128.84.127.23 at 2013-02-17 19:14:54 +0000
Served asset /application.js - 200 OK (9ms)


Started GET "/users/2" for 128.84.127.23 at 2013-02-17 19:15:03 +0000
Processing by UsersController#show as HTML
  Parameters: {"id"=>"2"}
  [1m[35mUser Load (0.3ms)[0m  SELECT "users".* FROM "users" WHERE "users"."id" = ? LIMIT 1  [["id", "2"]]
  [1m[36mMicroPost Load (0.1ms)[0m  [1mSELECT "micro_posts".* FROM "micro_posts" WHERE "micro_posts"."user_id" = 2[0m
  Rendered collection (0.0ms)
  Rendered users/show.html.erb within layouts/application (148.2ms)
Completed 200 OK in 165ms (Views: 161.8ms | ActiveRecord: 0.8ms)


Started GET "/users/4" for 128.84.127.23 at 2013-02-17 19:15:08 +0000
Processing by UsersController#show as HTML
  Parameters: {"id"=>"4"}
  [1m[35mUser Load (0.1ms)[0m  SELECT "users".* FROM "users" WHERE "users"."id" = ? LIMIT 1  [["id", "4"]]
  [1m[36mMicroPost Load (0.2ms)[0m  [1mSELECT "micro_posts".* FROM "micro_posts" WHERE "micro_posts"."user_id" = 4[0m
  Rendered micro_posts/_micro_post.html.erb (2.7ms)
  Rendered users/show.html.erb within layouts/application (15.4ms)
Completed 200 OK in 29ms (Views: 27.5ms | ActiveRecord: 0.3ms)


Started GET "/users/3" for 128.84.127.23 at 2013-02-17 19:15:22 +0000
Processing by UsersController#show as HTML
  Parameters: {"id"=>"3"}
  [1m[35mUser Load (0.2ms)[0m  SELECT "users".* FROM "users" WHERE "users"."id" = ? LIMIT 1  [["id", "3"]]
  [1m[36mMicroPost Load (0.2ms)[0m  [1mSELECT "micro_posts".* FROM "micro_posts" WHERE "micro_posts"."user_id" = 3[0m
  Rendered collection (0.0ms)
  Rendered users/show.html.erb within layouts/application (44.4ms)
Completed 200 OK in 60ms (Views: 58.3ms | ActiveRecord: 0.4ms)


Started GET "/users/4" for 128.84.127.23 at 2013-02-17 19:15:26 +0000
Processing by UsersController#show as HTML
  Parameters: {"id"=>"4"}
  [1m[35mUser Load (0.1ms)[0m  SELECT "users".* FROM "users" WHERE "users"."id" = ? LIMIT 1  [["id", "4"]]
  [1m[36mMicroPost Load (0.2ms)[0m  [1mSELECT "micro_posts".* FROM "micro_posts" WHERE "micro_posts"."user_id" = 4[0m
  Rendered micro_posts/_micro_post.html.erb (0.3ms)
  Rendered users/show.html.erb within layouts/application (3.0ms)
Completed 200 OK in 17ms (Views: 15.8ms | ActiveRecord: 0.3ms)


Started GET "/users" for 128.84.127.23 at 2013-02-17 19:15:31 +0000
Processing by UsersController#index as HTML
  [1m[35mUser Load (0.2ms)[0m  SELECT "users".* FROM "users" 
  Rendered users/index.html.erb within layouts/application (5.1ms)
Completed 200 OK in 19ms (Views: 17.6ms | ActiveRecord: 0.2ms)


Started GET "/" for 128.84.127.23 at 2013-02-17 19:51:43 +0000
Connecting to database specified by database.yml
Processing by StaticPagesController#home as HTML
  Rendered static_pages/home.html.erb within layouts/application (5.8ms)
Compiled custom.css  (4551ms)  (pid 1547)
Compiled application.css  (4573ms)  (pid 1547)
  Rendered layouts/_header.html.erb (2.8ms)
  Rendered layouts/_footer.html.erb (0.8ms)
Completed 200 OK in 4797ms (Views: 4796.0ms | ActiveRecord: 0.0ms)


Started GET "/assets/custom.css?body=1" for 128.84.127.23 at 2013-02-17 19:51:49 +0000
Served asset /custom.css - 200 OK (52ms)


Started GET "/" for 128.84.127.23 at 2013-02-17 19:52:15 +0000
Processing by StaticPagesController#home as HTML
  Rendered static_pages/home.html.erb within layouts/application (0.7ms)
  Rendered layouts/_header.html.erb (1.1ms)
  Rendered layouts/_footer.html.erb (0.1ms)
Completed 200 OK in 24ms (Views: 23.9ms | ActiveRecord: 0.0ms)


Started GET "/assets/custom.css?body=1" for 128.84.127.23 at 2013-02-17 19:52:15 +0000
Served asset /custom.css - 304 Not Modified (6ms)


Started GET "/static_pages/help" for 128.84.127.23 at 2013-02-17 19:52:16 +0000
Processing by StaticPagesController#help as HTML
  Rendered static_pages/help.html.erb within layouts/application (0.5ms)
  Rendered layouts/_header.html.erb (1.4ms)
  Rendered layouts/_footer.html.erb (0.1ms)
Completed 200 OK in 66ms (Views: 65.1ms | ActiveRecord: 0.0ms)


Started GET "/assets/custom.css?body=1" for 128.84.127.23 at 2013-02-17 19:52:16 +0000
Served asset /custom.css - 304 Not Modified (6ms)


Started GET "/static_pages/about" for 128.84.127.23 at 2013-02-17 19:52:19 +0000
Processing by StaticPagesController#about as HTML
  Rendered static_pages/about.html.erb within layouts/application (0.6ms)
  Rendered layouts/_header.html.erb (1.5ms)
  Rendered layouts/_footer.html.erb (0.1ms)
Completed 200 OK in 26ms (Views: 25.4ms | ActiveRecord: 0.0ms)


Started GET "/assets/custom.css?body=1" for 128.84.127.23 at 2013-02-17 19:52:19 +0000
Served asset /custom.css - 304 Not Modified (6ms)


Started GET "/static_pages/about" for 128.84.127.23 at 2013-02-17 19:52:21 +0000
Processing by StaticPagesController#about as HTML
  Rendered static_pages/about.html.erb within layouts/application (0.1ms)
  Rendered layouts/_header.html.erb (1.5ms)
  Rendered layouts/_footer.html.erb (0.1ms)
Completed 200 OK in 68ms (Views: 68.0ms | ActiveRecord: 0.0ms)


Started GET "/assets/custom.css?body=1" for 128.84.127.23 at 2013-02-17 19:52:22 +0000
Served asset /custom.css - 304 Not Modified (6ms)


Started GET "/static_pages/help" for 128.84.127.23 at 2013-02-17 19:52:23 +0000
Processing by StaticPagesController#help as HTML
  Rendered static_pages/help.html.erb within layouts/application (0.1ms)
  Rendered layouts/_header.html.erb (1.5ms)
  Rendered layouts/_footer.html.erb (0.1ms)
Completed 200 OK in 24ms (Views: 24.1ms | ActiveRecord: 0.0ms)


Started GET "/assets/custom.css?body=1" for 128.84.127.23 at 2013-02-17 19:52:23 +0000
Served asset /custom.css - 304 Not Modified (6ms)


Started GET "/" for 128.84.127.23 at 2013-02-17 19:52:24 +0000
Processing by StaticPagesController#home as HTML
  Rendered static_pages/home.html.erb within layouts/application (0.6ms)
  Rendered layouts/_header.html.erb (1.4ms)
  Rendered layouts/_footer.html.erb (0.1ms)
Completed 200 OK in 67ms (Views: 67.0ms | ActiveRecord: 0.0ms)


Started GET "/assets/custom.css?body=1" for 128.84.127.23 at 2013-02-17 19:52:24 +0000
Served asset /custom.css - 304 Not Modified (6ms)


Started GET "/" for 128.84.127.23 at 2013-02-17 19:52:29 +0000
Processing by StaticPagesController#home as HTML
  Rendered static_pages/home.html.erb within layouts/application (0.6ms)
  Rendered layouts/_header.html.erb (1.2ms)
  Rendered layouts/_footer.html.erb (0.1ms)
Completed 200 OK in 25ms (Views: 24.3ms | ActiveRecord: 0.0ms)


Started GET "/assets/custom.css?body=1" for 128.84.127.23 at 2013-02-17 19:52:29 +0000
Served asset /custom.css - 304 Not Modified (8ms)
Connecting to database specified by database.yml
Connecting to database specified by database.yml
  [1m[36m (0.1ms)[0m  [1mSELECT "schema_migrations"."version" FROM "schema_migrations" [0m
Migrating to CreateUsers (20130206184214)
Migrating to CreateMicroPosts (20130206192231)
Migrating to AddHashedPasswordAndSaltToUsers (20130217195359)
  [1m[35m (0.1ms)[0m  select sqlite_version(*)
  [1m[36m (0.1ms)[0m  [1mbegin transaction[0m
  [1m[35m (0.6ms)[0m  ALTER TABLE "users" ADD "hashed_password" varchar(255)
  [1m[36m (0.1ms)[0m  [1mALTER TABLE "users" ADD "salt" varchar(255)[0m
  [1m[35m (0.1ms)[0m  INSERT INTO "schema_migrations" ("version") VALUES ('20130217195359')
  [1m[36m (25.4ms)[0m  [1mcommit transaction[0m
  [1m[35m (0.1ms)[0m  SELECT "schema_migrations"."version" FROM "schema_migrations" 
Connecting to database specified by database.yml
  [1m[36m (0.1ms)[0m  [1mSELECT "schema_migrations"."version" FROM "schema_migrations" [0m
  [1m[35m (0.3ms)[0m  select sqlite_version(*)
  [1m[36m (49.9ms)[0m  [1mCREATE TABLE "micro_posts" ("id" INTEGER PRIMARY KEY AUTOINCREMENT NOT NULL, "user_id" integer, "content" varchar(255), "created_at" datetime NOT NULL, "updated_at" datetime NOT NULL) [0m
  [1m[35m (38.4ms)[0m  CREATE TABLE "users" ("id" INTEGER PRIMARY KEY AUTOINCREMENT NOT NULL, "name" varchar(255), "email" varchar(255), "created_at" datetime NOT NULL, "updated_at" datetime NOT NULL, "hashed_password" varchar(255), "salt" varchar(255)) 
  [1m[36m (47.5ms)[0m  [1mCREATE TABLE "schema_migrations" ("version" varchar(255) NOT NULL) [0m
  [1m[35m (39.6ms)[0m  CREATE UNIQUE INDEX "unique_schema_migrations" ON "schema_migrations" ("version")
  [1m[36m (0.1ms)[0m  [1mSELECT version FROM "schema_migrations"[0m
  [1m[35m (27.5ms)[0m  INSERT INTO "schema_migrations" (version) VALUES ('20130217195359')
  [1m[36m (32.9ms)[0m  [1mINSERT INTO "schema_migrations" (version) VALUES ('20130206184214')[0m
  [1m[35m (26.8ms)[0m  INSERT INTO "schema_migrations" (version) VALUES ('20130206192231')


Started GET "/users" for 67.255.23.178 at 2013-02-18 18:59:39 +0000
Connecting to database specified by database.yml
Processing by UsersController#index as HTML
  [1m[36mUser Load (0.1ms)[0m  [1mSELECT "users".* FROM "users" [0m
  Rendered users/index.html.erb within layouts/application (9.2ms)
  Rendered layouts/_header.html.erb (2.2ms)
  Rendered layouts/_footer.html.erb (0.6ms)
Completed 200 OK in 536ms (Views: 415.1ms | ActiveRecord: 40.7ms)


Started GET "/assets/application.css?body=1" for 67.255.23.178 at 2013-02-18 18:59:40 +0000
Served asset /application.css - 200 OK (73ms)


Started GET "/assets/custom.css?body=1" for 67.255.23.178 at 2013-02-18 18:59:40 +0000
Served asset /custom.css - 200 OK (16ms)


Started GET "/assets/micro_posts.css?body=1" for 67.255.23.178 at 2013-02-18 18:59:40 +0000
Served asset /micro_posts.css - 200 OK (13ms)


Started GET "/assets/scaffolds.css?body=1" for 67.255.23.178 at 2013-02-18 18:59:41 +0000
Served asset /scaffolds.css - 200 OK (3ms)


Started GET "/assets/users.css?body=1" for 67.255.23.178 at 2013-02-18 18:59:41 +0000
Served asset /users.css - 200 OK (2ms)


Started GET "/assets/static_pages.css?body=1" for 67.255.23.178 at 2013-02-18 18:59:41 +0000
Served asset /static_pages.css - 200 OK (2ms)


Started GET "/assets/jquery.js?body=1" for 67.255.23.178 at 2013-02-18 18:59:41 +0000
Served asset /jquery.js - 200 OK (52ms)


Started GET "/assets/jquery_ujs.js?body=1" for 67.255.23.178 at 2013-02-18 18:59:41 +0000
Served asset /jquery_ujs.js - 200 OK (3ms)


Started GET "/assets/micro_posts.js?body=1" for 67.255.23.178 at 2013-02-18 18:59:41 +0000
Served asset /micro_posts.js - 200 OK (1ms)


Started GET "/assets/static_pages.js?body=1" for 67.255.23.178 at 2013-02-18 18:59:41 +0000
Served asset /static_pages.js - 200 OK (2ms)


Started GET "/assets/users.js?body=1" for 67.255.23.178 at 2013-02-18 18:59:41 +0000
Served asset /users.js - 200 OK (1ms)


Started GET "/assets/application.js?body=1" for 67.255.23.178 at 2013-02-18 18:59:41 +0000
Served asset /application.js - 200 OK (11ms)


Started GET "/users/2" for 67.255.23.178 at 2013-02-18 18:59:48 +0000
Processing by UsersController#show as HTML
  Parameters: {"id"=>"2"}
  [1m[35mUser Load (0.4ms)[0m  SELECT "users".* FROM "users" WHERE "users"."id" = ? LIMIT 1  [["id", "2"]]
  [1m[36mMicroPost Load (0.1ms)[0m  [1mSELECT "micro_posts".* FROM "micro_posts" WHERE "micro_posts"."user_id" = 2[0m
  Rendered collection (0.0ms)
  Rendered users/show.html.erb within layouts/application (89.7ms)
  Rendered layouts/_header.html.erb (1.4ms)
  Rendered layouts/_footer.html.erb (0.1ms)
Completed 200 OK in 170ms (Views: 166.1ms | ActiveRecord: 1.1ms)


Started GET "/users/2/edit" for 67.255.23.178 at 2013-02-18 19:18:23 +0000
Processing by UsersController#edit as HTML
  Parameters: {"id"=>"2"}
  [1m[35mUser Load (0.2ms)[0m  SELECT "users".* FROM "users" WHERE "users"."id" = ? LIMIT 1  [["id", "2"]]
  Rendered users/_form.html.erb (15.5ms)
  Rendered users/edit.html.erb within layouts/application (19.7ms)
  Rendered layouts/_header.html.erb (1.9ms)
  Rendered layouts/_footer.html.erb (0.2ms)
Completed 200 OK in 107ms (Views: 104.1ms | ActiveRecord: 0.2ms)


Started PUT "/users/2" for 67.255.23.178 at 2013-02-18 19:18:29 +0000
Processing by UsersController#update as HTML
  Parameters: {"utf8"=>"✓", "authenticity_token"=>"74VU6WFE8DYyzvYU38vCJLGBqlNhMxSEa99F4QurOOY=", "user"=>{"name"=>"A Nother", "email"=>"another@example.org", "password"=>"[FILTERED]"}, "commit"=>"Update User", "id"=>"2"}
  [1m[36mUser Load (0.1ms)[0m  [1mSELECT "users".* FROM "users" WHERE "users"."id" = ? LIMIT 1[0m  [["id", "2"]]
  [1m[35m (0.1ms)[0m  begin transaction
  [1m[36mUser Exists (0.3ms)[0m  [1mSELECT 1 AS one FROM "users" WHERE (LOWER("users"."email") = LOWER('another@example.org') AND "users"."id" != 2) LIMIT 1[0m
  [1m[35m (0.5ms)[0m  UPDATE "users" SET "salt" = '09ce33f206a64ad24443c86e3e822352756d27394240f9d35ecf22bdabf326af', "hashed_password" = 'b143f74439f2be4bbfcb3bbf202d97ec2070a5ae923fdc013f6f3fc03bb73a31', "updated_at" = '2013-02-18 19:18:29.415563' WHERE "users"."id" = 2
  [1m[36m (33.0ms)[0m  [1mcommit transaction[0m
Redirected to http://ec2-50-16-121-124.compute-1.amazonaws.com:3000/users/2
Completed 302 Found in 107ms (ActiveRecord: 34.0ms)


Started GET "/users/2" for 67.255.23.178 at 2013-02-18 19:18:29 +0000
Processing by UsersController#show as HTML
  Parameters: {"id"=>"2"}
  [1m[35mUser Load (0.1ms)[0m  SELECT "users".* FROM "users" WHERE "users"."id" = ? LIMIT 1  [["id", "2"]]
  [1m[36mMicroPost Load (0.2ms)[0m  [1mSELECT "micro_posts".* FROM "micro_posts" WHERE "micro_posts"."user_id" = 2[0m
  Rendered collection (0.0ms)
  Rendered users/show.html.erb within layouts/application (4.2ms)
  Rendered layouts/_header.html.erb (1.1ms)
  Rendered layouts/_footer.html.erb (0.1ms)
Completed 200 OK in 34ms (Views: 32.0ms | ActiveRecord: 0.3ms)


Started GET "/users/2" for 67.255.23.178 at 2013-02-18 19:19:09 +0000
Processing by UsersController#show as HTML
  Parameters: {"id"=>"2"}
  [1m[35mUser Load (0.1ms)[0m  SELECT "users".* FROM "users" WHERE "users"."id" = ? LIMIT 1  [["id", "2"]]
  [1m[36mMicroPost Load (0.2ms)[0m  [1mSELECT "micro_posts".* FROM "micro_posts" WHERE "micro_posts"."user_id" = 2[0m
  Rendered collection (0.0ms)
  Rendered users/show.html.erb within layouts/application (4.8ms)
  Rendered layouts/_header.html.erb (2.2ms)
  Rendered layouts/_footer.html.erb (0.1ms)
Completed 200 OK in 78ms (Views: 76.4ms | ActiveRecord: 0.3ms)


Started GET "/assets/application.css?body=1" for 67.255.23.178 at 2013-02-18 19:19:09 +0000
Served asset /application.css - 304 Not Modified (22ms)


Started GET "/assets/custom.css?body=1" for 67.255.23.178 at 2013-02-18 19:19:09 +0000
Served asset /custom.css - 304 Not Modified (7ms)


Started GET "/assets/micro_posts.css?body=1" for 67.255.23.178 at 2013-02-18 19:19:09 +0000
Served asset /micro_posts.css - 304 Not Modified (0ms)


Started GET "/assets/scaffolds.css?body=1" for 67.255.23.178 at 2013-02-18 19:19:09 +0000
Served asset /scaffolds.css - 304 Not Modified (0ms)


Started GET "/assets/static_pages.css?body=1" for 67.255.23.178 at 2013-02-18 19:19:09 +0000
Served asset /static_pages.css - 304 Not Modified (0ms)


Started GET "/assets/users.css?body=1" for 67.255.23.178 at 2013-02-18 19:19:09 +0000
Served asset /users.css - 304 Not Modified (0ms)


Started GET "/assets/jquery.js?body=1" for 67.255.23.178 at 2013-02-18 19:19:09 +0000
Served asset /jquery.js - 304 Not Modified (1ms)


Started GET "/assets/jquery_ujs.js?body=1" for 67.255.23.178 at 2013-02-18 19:19:09 +0000
Served asset /jquery_ujs.js - 304 Not Modified (6ms)


Started GET "/assets/static_pages.js?body=1" for 67.255.23.178 at 2013-02-18 19:19:09 +0000
Served asset /static_pages.js - 304 Not Modified (0ms)


Started GET "/assets/micro_posts.js?body=1" for 67.255.23.178 at 2013-02-18 19:19:09 +0000
Served asset /micro_posts.js - 304 Not Modified (0ms)


Started GET "/assets/application.js?body=1" for 67.255.23.178 at 2013-02-18 19:19:09 +0000
Served asset /application.js - 304 Not Modified (2ms)


Started GET "/assets/users.js?body=1" for 67.255.23.178 at 2013-02-18 19:19:09 +0000
Served asset /users.js - 304 Not Modified (0ms)


Started GET "/users/2/edit" for 67.255.23.178 at 2013-02-18 19:19:26 +0000
Processing by UsersController#edit as HTML
  Parameters: {"id"=>"2"}
  [1m[35mUser Load (0.1ms)[0m  SELECT "users".* FROM "users" WHERE "users"."id" = ? LIMIT 1  [["id", "2"]]
  Rendered users/_form.html.erb (3.7ms)
  Rendered users/edit.html.erb within layouts/application (5.1ms)
  Rendered layouts/_header.html.erb (1.3ms)
  Rendered layouts/_footer.html.erb (0.1ms)
Completed 200 OK in 74ms (Views: 72.5ms | ActiveRecord: 0.1ms)


Started GET "/assets/application.css?body=1" for 67.255.23.178 at 2013-02-18 19:19:26 +0000
Served asset /application.css - 304 Not Modified (8ms)


Started GET "/assets/custom.css?body=1" for 67.255.23.178 at 2013-02-18 19:19:26 +0000
Served asset /custom.css - 304 Not Modified (20ms)


Started GET "/assets/micro_posts.css?body=1" for 67.255.23.178 at 2013-02-18 19:19:26 +0000
Served asset /micro_posts.css - 304 Not Modified (0ms)


Started GET "/assets/users.css?body=1" for 67.255.23.178 at 2013-02-18 19:19:26 +0000
Served asset /users.css - 304 Not Modified (0ms)


Started GET "/assets/scaffolds.css?body=1" for 67.255.23.178 at 2013-02-18 19:19:26 +0000
Served asset /scaffolds.css - 304 Not Modified (0ms)


Started GET "/assets/static_pages.css?body=1" for 67.255.23.178 at 2013-02-18 19:19:26 +0000
Served asset /static_pages.css - 304 Not Modified (0ms)


Started GET "/assets/jquery.js?body=1" for 67.255.23.178 at 2013-02-18 19:19:26 +0000
Served asset /jquery.js - 304 Not Modified (0ms)


Started GET "/assets/micro_posts.js?body=1" for 67.255.23.178 at 2013-02-18 19:19:26 +0000
Served asset /micro_posts.js - 304 Not Modified (10ms)


Started GET "/assets/jquery_ujs.js?body=1" for 67.255.23.178 at 2013-02-18 19:19:26 +0000
Served asset /jquery_ujs.js - 304 Not Modified (0ms)


Started GET "/assets/static_pages.js?body=1" for 67.255.23.178 at 2013-02-18 19:19:26 +0000
Served asset /static_pages.js - 304 Not Modified (0ms)


Started GET "/assets/users.js?body=1" for 67.255.23.178 at 2013-02-18 19:19:26 +0000
Served asset /users.js - 304 Not Modified (0ms)


Started GET "/assets/application.js?body=1" for 67.255.23.178 at 2013-02-18 19:19:26 +0000
Served asset /application.js - 304 Not Modified (2ms)


Started PUT "/users/2" for 67.255.23.178 at 2013-02-18 19:19:33 +0000
Processing by UsersController#update as HTML
  Parameters: {"utf8"=>"✓", "authenticity_token"=>"74VU6WFE8DYyzvYU38vCJLGBqlNhMxSEa99F4QurOOY=", "user"=>{"name"=>"A Nother", "email"=>"hithere@example.org", "password"=>"[FILTERED]"}, "commit"=>"Update User", "id"=>"2"}
  [1m[36mUser Load (0.1ms)[0m  [1mSELECT "users".* FROM "users" WHERE "users"."id" = ? LIMIT 1[0m  [["id", "2"]]
  [1m[35m (0.1ms)[0m  begin transaction
  [1m[36mUser Exists (0.1ms)[0m  [1mSELECT 1 AS one FROM "users" WHERE (LOWER("users"."email") = LOWER('hithere@example.org') AND "users"."id" != 2) LIMIT 1[0m
  [1m[35m (0.1ms)[0m  rollback transaction
  Rendered users/_form.html.erb (4.7ms)
  Rendered users/edit.html.erb within layouts/application (6.1ms)
  Rendered layouts/_header.html.erb (1.2ms)
  Rendered layouts/_footer.html.erb (0.1ms)
Completed 200 OK in 40ms (Views: 34.0ms | ActiveRecord: 0.4ms)


Started GET "/assets/application.css?body=1" for 67.255.23.178 at 2013-02-18 19:19:34 +0000
Served asset /application.css - 304 Not Modified (23ms)


Started GET "/assets/custom.css?body=1" for 67.255.23.178 at 2013-02-18 19:19:34 +0000
Served asset /custom.css - 304 Not Modified (6ms)


Started GET "/assets/static_pages.css?body=1" for 67.255.23.178 at 2013-02-18 19:19:34 +0000
Served asset /static_pages.css - 304 Not Modified (36ms)


Started GET "/assets/scaffolds.css?body=1" for 67.255.23.178 at 2013-02-18 19:19:34 +0000
Served asset /scaffolds.css - 304 Not Modified (0ms)


Started GET "/assets/micro_posts.css?body=1" for 67.255.23.178 at 2013-02-18 19:19:34 +0000
Served asset /micro_posts.css - 304 Not Modified (0ms)


Started GET "/assets/users.css?body=1" for 67.255.23.178 at 2013-02-18 19:19:34 +0000
Served asset /users.css - 304 Not Modified (0ms)


Started GET "/assets/jquery.js?body=1" for 67.255.23.178 at 2013-02-18 19:19:34 +0000
Served asset /jquery.js - 304 Not Modified (0ms)


Started GET "/assets/jquery_ujs.js?body=1" for 67.255.23.178 at 2013-02-18 19:19:34 +0000
Served asset /jquery_ujs.js - 304 Not Modified (0ms)


Started GET "/assets/micro_posts.js?body=1" for 67.255.23.178 at 2013-02-18 19:19:34 +0000
Served asset /micro_posts.js - 304 Not Modified (0ms)


Started GET "/assets/static_pages.js?body=1" for 67.255.23.178 at 2013-02-18 19:19:34 +0000
Served asset /static_pages.js - 304 Not Modified (0ms)


Started GET "/assets/application.js?body=1" for 67.255.23.178 at 2013-02-18 19:19:34 +0000
Served asset /application.js - 304 Not Modified (2ms)


Started GET "/assets/users.js?body=1" for 67.255.23.178 at 2013-02-18 19:19:34 +0000
Served asset /users.js - 304 Not Modified (0ms)
Connecting to database specified by database.yml


Started GET "/users" for 67.255.23.178 at 2013-02-18 19:33:40 +0000
Connecting to database specified by database.yml
Processing by UsersController#index as HTML
  [1m[36mUser Load (0.1ms)[0m  [1mSELECT "users".* FROM "users" [0m
  Rendered users/index.html.erb within layouts/application (11.4ms)
  Rendered layouts/_header.html.erb (2.3ms)
  Rendered layouts/_footer.html.erb (0.8ms)
Completed 200 OK in 310ms (Views: 223.1ms | ActiveRecord: 2.9ms)


Started GET "/assets/application.css?body=1" for 67.255.23.178 at 2013-02-18 19:33:42 +0000
Served asset /application.css - 304 Not Modified (40ms)


Started GET "/assets/users.css?body=1" for 67.255.23.178 at 2013-02-18 19:33:42 +0000
Served asset /users.css - 304 Not Modified (2ms)


Started GET "/assets/scaffolds.css?body=1" for 67.255.23.178 at 2013-02-18 19:33:42 +0000
Served asset /scaffolds.css - 304 Not Modified (2ms)


Started GET "/assets/micro_posts.css?body=1" for 67.255.23.178 at 2013-02-18 19:33:42 +0000
Served asset /micro_posts.css - 304 Not Modified (2ms)


Started GET "/assets/custom.css?body=1" for 67.255.23.178 at 2013-02-18 19:33:42 +0000
Served asset /custom.css - 304 Not Modified (11ms)


Started GET "/assets/static_pages.css?body=1" for 67.255.23.178 at 2013-02-18 19:33:42 +0000
Served asset /static_pages.css - 304 Not Modified (2ms)


Started GET "/assets/jquery_ujs.js?body=1" for 67.255.23.178 at 2013-02-18 19:33:42 +0000
Served asset /jquery_ujs.js - 304 Not Modified (7ms)


Started GET "/assets/jquery.js?body=1" for 67.255.23.178 at 2013-02-18 19:33:42 +0000
Served asset /jquery.js - 304 Not Modified (6ms)


Started GET "/assets/users.js?body=1" for 67.255.23.178 at 2013-02-18 19:33:42 +0000
Served asset /users.js - 304 Not Modified (9ms)


Started GET "/assets/micro_posts.js?body=1" for 67.255.23.178 at 2013-02-18 19:33:42 +0000
Served asset /micro_posts.js - 304 Not Modified (2ms)


Started GET "/assets/static_pages.js?body=1" for 67.255.23.178 at 2013-02-18 19:33:42 +0000
Served asset /static_pages.js - 304 Not Modified (2ms)


Started GET "/assets/application.js?body=1" for 67.255.23.178 at 2013-02-18 19:33:42 +0000
Served asset /application.js - 304 Not Modified (58ms)


Started GET "/" for 128.84.127.123 at 2013-02-20 18:44:29 +0000
Connecting to database specified by database.yml
Processing by StaticPagesController#home as HTML
  Rendered static_pages/home.html.erb within layouts/application (4.4ms)
  Rendered layouts/_header.html.erb (59.5ms)
Completed 500 Internal Server Error in 458ms

ActionView::Template::Error (undefined local variable or method `sessions_new_path' for #<#<Class:0x000000025870d0>:0x0000000258abb8>):
    11:                     <li><%= link_to 'About', static_pages_about_path %></li>
    12:                     <li><%= link_to 'My Profile', '#' %></li>
    13:                     <li><%= link_to 'My Account', '#' %></li>
    14:                     <li><%= link_to 'Login', sessions_new_path %></li>
    15:                 </ul>
    16:             </div><!--/.nav-collapse -->
    17:         </div>
  app/views/layouts/_header.html.erb:14:in `_app_views_layouts__header_html_erb__4402524742560705411_23056000'
  app/views/layouts/application.html.erb:10:in `_app_views_layouts_application_html_erb___3715087087682159026_19369760'


  Rendered /home/ec2-user/.rvm/gems/ruby-1.9.3-p286/gems/actionpack-3.2.11/lib/action_dispatch/middleware/templates/rescues/_trace.erb (2.1ms)
  Rendered /home/ec2-user/.rvm/gems/ruby-1.9.3-p286/gems/actionpack-3.2.11/lib/action_dispatch/middleware/templates/rescues/_request_and_response.erb (1.6ms)
  Rendered /home/ec2-user/.rvm/gems/ruby-1.9.3-p286/gems/actionpack-3.2.11/lib/action_dispatch/middleware/templates/rescues/template_error.erb within rescues/layout (14.4ms)


Started GET "/" for 128.84.127.123 at 2013-02-20 18:45:59 +0000
Processing by StaticPagesController#home as HTML
  Rendered static_pages/home.html.erb within layouts/application (0.7ms)
  Rendered layouts/_header.html.erb (3.4ms)
  Rendered layouts/_footer.html.erb (1.3ms)
Completed 200 OK in 103ms (Views: 102.9ms | ActiveRecord: 0.0ms)


Started GET "/assets/application.css?body=1" for 128.84.127.123 at 2013-02-20 18:45:59 +0000
Served asset /application.css - 200 OK (72ms)


Started GET "/assets/custom.css?body=1" for 128.84.127.123 at 2013-02-20 18:46:00 +0000
Served asset /custom.css - 200 OK (11ms)


Started GET "/assets/micro_posts.css?body=1" for 128.84.127.123 at 2013-02-20 18:46:00 +0000
Served asset /micro_posts.css - 200 OK (2ms)


Started GET "/assets/static_pages.css?body=1" for 128.84.127.123 at 2013-02-20 18:46:00 +0000
Served asset /static_pages.css - 200 OK (2ms)


Started GET "/assets/scaffolds.css?body=1" for 128.84.127.123 at 2013-02-20 18:46:00 +0000
Served asset /scaffolds.css - 200 OK (2ms)


Started GET "/assets/users.css?body=1" for 128.84.127.123 at 2013-02-20 18:46:00 +0000
Served asset /users.css - 200 OK (2ms)


Started GET "/assets/jquery.js?body=1" for 128.84.127.123 at 2013-02-20 18:46:00 +0000
Served asset /jquery.js - 200 OK (7ms)


Started GET "/assets/jquery_ujs.js?body=1" for 128.84.127.123 at 2013-02-20 18:46:00 +0000
Served asset /jquery_ujs.js - 200 OK (2ms)


Started GET "/assets/micro_posts.js?body=1" for 128.84.127.123 at 2013-02-20 18:46:00 +0000
Served asset /micro_posts.js - 200 OK (2ms)


Started GET "/assets/static_pages.js?body=1" for 128.84.127.123 at 2013-02-20 18:46:00 +0000
Served asset /static_pages.js - 200 OK (2ms)


Started GET "/assets/users.js?body=1" for 128.84.127.123 at 2013-02-20 18:46:00 +0000
Served asset /users.js - 200 OK (2ms)


Started GET "/assets/application.js?body=1" for 128.84.127.123 at 2013-02-20 18:46:00 +0000
Served asset /application.js - 200 OK (10ms)


Started GET "/sessions/new" for 128.84.127.123 at 2013-02-20 18:46:11 +0000
Processing by SessionsController#new as HTML
  Rendered sessions/new.html.erb within layouts/application (0.7ms)
  Rendered layouts/_header.html.erb (1.5ms)
  Rendered layouts/_footer.html.erb (0.1ms)
Completed 200 OK in 69ms (Views: 68.5ms | ActiveRecord: 0.0ms)


Started GET "/sessions/new" for 128.84.127.123 at 2013-02-20 18:57:05 +0000
Processing by SessionsController#new as HTML
  Rendered sessions/new.html.erb within layouts/application (66.2ms)
  Rendered layouts/_header.html.erb (1.5ms)
  Rendered layouts/_footer.html.erb (0.1ms)
Completed 200 OK in 133ms (Views: 132.6ms | ActiveRecord: 0.0ms)


Started POST "/sessions" for 128.84.127.123 at 2013-02-20 18:57:20 +0000
Processing by SessionsController#create as HTML
  Parameters: {"utf8"=>"✓", "authenticity_token"=>"qIoKsGEyUPo81RAkySJUgsi1Z10ZMYYCVsCTWYuOkDU=", "session"=>{"user"=>"", "password"=>"[FILTERED]"}, "commit"=>"Login"}
Completed 500 Internal Server Error in 2ms

ActionView::MissingTemplate (Missing template sessions/create, application/create with {:locale=>[:en], :formats=>[:html], :handlers=>[:erb, :builder, :coffee]}. Searched in:
  * "/home/ec2-user/apps/info2310/app/views"
):
  actionpack (3.2.11) lib/action_view/path_set.rb:58:in `find'
  actionpack (3.2.11) lib/action_view/lookup_context.rb:109:in `find'
  actionpack (3.2.11) lib/action_view/renderer/abstract_renderer.rb:3:in `find_template'
  actionpack (3.2.11) lib/action_view/renderer/template_renderer.rb:34:in `determine_template'
  actionpack (3.2.11) lib/action_view/renderer/template_renderer.rb:10:in `render'
  actionpack (3.2.11) lib/action_view/renderer/renderer.rb:36:in `render_template'
  actionpack (3.2.11) lib/action_view/renderer/renderer.rb:17:in `render'
  actionpack (3.2.11) lib/abstract_controller/rendering.rb:110:in `_render_template'
  actionpack (3.2.11) lib/action_controller/metal/streaming.rb:225:in `_render_template'
  actionpack (3.2.11) lib/abstract_controller/rendering.rb:103:in `render_to_body'
  actionpack (3.2.11) lib/action_controller/metal/renderers.rb:28:in `render_to_body'
  actionpack (3.2.11) lib/action_controller/metal/compatibility.rb:50:in `render_to_body'
  actionpack (3.2.11) lib/abstract_controller/rendering.rb:88:in `render'
  actionpack (3.2.11) lib/action_controller/metal/rendering.rb:16:in `render'
  actionpack (3.2.11) lib/action_controller/metal/instrumentation.rb:40:in `block (2 levels) in render'
  activesupport (3.2.11) lib/active_support/core_ext/benchmark.rb:5:in `block in ms'
  /home/ec2-user/.rvm/rubies/ruby-1.9.3-p286/lib/ruby/1.9.1/benchmark.rb:295:in `realtime'
  activesupport (3.2.11) lib/active_support/core_ext/benchmark.rb:5:in `ms'
  actionpack (3.2.11) lib/action_controller/metal/instrumentation.rb:40:in `block in render'
  actionpack (3.2.11) lib/action_controller/metal/instrumentation.rb:83:in `cleanup_view_runtime'
  activerecord (3.2.11) lib/active_record/railties/controller_runtime.rb:24:in `cleanup_view_runtime'
  actionpack (3.2.11) lib/action_controller/metal/instrumentation.rb:39:in `render'
  actionpack (3.2.11) lib/action_controller/metal/implicit_render.rb:10:in `default_render'
  actionpack (3.2.11) lib/action_controller/metal/implicit_render.rb:5:in `send_action'
  actionpack (3.2.11) lib/abstract_controller/base.rb:167:in `process_action'
  actionpack (3.2.11) lib/action_controller/metal/rendering.rb:10:in `process_action'
  actionpack (3.2.11) lib/abstract_controller/callbacks.rb:18:in `block in process_action'
  activesupport (3.2.11) lib/active_support/callbacks.rb:414:in `_run__2381070778656239052__process_action__3406454286236675053__callbacks'
  activesupport (3.2.11) lib/active_support/callbacks.rb:405:in `__run_callback'
  activesupport (3.2.11) lib/active_support/callbacks.rb:385:in `_run_process_action_callbacks'
  activesupport (3.2.11) lib/active_support/callbacks.rb:81:in `run_callbacks'
  actionpack (3.2.11) lib/abstract_controller/callbacks.rb:17:in `process_action'
  actionpack (3.2.11) lib/action_controller/metal/rescue.rb:29:in `process_action'
  actionpack (3.2.11) lib/action_controller/metal/instrumentation.rb:30:in `block in process_action'
  activesupport (3.2.11) lib/active_support/notifications.rb:123:in `block in instrument'
  activesupport (3.2.11) lib/active_support/notifications/instrumenter.rb:20:in `instrument'
  activesupport (3.2.11) lib/active_support/notifications.rb:123:in `instrument'
  actionpack (3.2.11) lib/action_controller/metal/instrumentation.rb:29:in `process_action'
  actionpack (3.2.11) lib/action_controller/metal/params_wrapper.rb:207:in `process_action'
  activerecord (3.2.11) lib/active_record/railties/controller_runtime.rb:18:in `process_action'
  actionpack (3.2.11) lib/abstract_controller/base.rb:121:in `process'
  actionpack (3.2.11) lib/abstract_controller/rendering.rb:45:in `process'
  actionpack (3.2.11) lib/action_controller/metal.rb:203:in `dispatch'
  actionpack (3.2.11) lib/action_controller/metal/rack_delegation.rb:14:in `dispatch'
  actionpack (3.2.11) lib/action_controller/metal.rb:246:in `block in action'
  actionpack (3.2.11) lib/action_dispatch/routing/route_set.rb:73:in `call'
  actionpack (3.2.11) lib/action_dispatch/routing/route_set.rb:73:in `dispatch'
  actionpack (3.2.11) lib/action_dispatch/routing/route_set.rb:36:in `call'
  journey (1.0.4) lib/journey/router.rb:68:in `block in call'
  journey (1.0.4) lib/journey/router.rb:56:in `each'
  journey (1.0.4) lib/journey/router.rb:56:in `call'
  actionpack (3.2.11) lib/action_dispatch/routing/route_set.rb:601:in `call'
  actionpack (3.2.11) lib/action_dispatch/middleware/best_standards_support.rb:17:in `call'
  rack (1.4.4) lib/rack/etag.rb:23:in `call'
  rack (1.4.4) lib/rack/conditionalget.rb:35:in `call'
  actionpack (3.2.11) lib/action_dispatch/middleware/head.rb:14:in `call'
  actionpack (3.2.11) lib/action_dispatch/middleware/params_parser.rb:21:in `call'
  actionpack (3.2.11) lib/action_dispatch/middleware/flash.rb:242:in `call'
  rack (1.4.4) lib/rack/session/abstract/id.rb:210:in `context'
  rack (1.4.4) lib/rack/session/abstract/id.rb:205:in `call'
  actionpack (3.2.11) lib/action_dispatch/middleware/cookies.rb:341:in `call'
  activerecord (3.2.11) lib/active_record/query_cache.rb:64:in `call'
  activerecord (3.2.11) lib/active_record/connection_adapters/abstract/connection_pool.rb:479:in `call'
  actionpack (3.2.11) lib/action_dispatch/middleware/callbacks.rb:28:in `block in call'
  activesupport (3.2.11) lib/active_support/callbacks.rb:405:in `_run__3709997728617184138__call__2025992037555289073__callbacks'
  activesupport (3.2.11) lib/active_support/callbacks.rb:405:in `__run_callback'
  activesupport (3.2.11) lib/active_support/callbacks.rb:385:in `_run_call_callbacks'
  activesupport (3.2.11) lib/active_support/callbacks.rb:81:in `run_callbacks'
  actionpack (3.2.11) lib/action_dispatch/middleware/callbacks.rb:27:in `call'
  actionpack (3.2.11) lib/action_dispatch/middleware/reloader.rb:65:in `call'
  actionpack (3.2.11) lib/action_dispatch/middleware/remote_ip.rb:31:in `call'
  actionpack (3.2.11) lib/action_dispatch/middleware/debug_exceptions.rb:16:in `call'
  actionpack (3.2.11) lib/action_dispatch/middleware/show_exceptions.rb:56:in `call'
  railties (3.2.11) lib/rails/rack/logger.rb:32:in `call_app'
  railties (3.2.11) lib/rails/rack/logger.rb:16:in `block in call'
  activesupport (3.2.11) lib/active_support/tagged_logging.rb:22:in `tagged'
  railties (3.2.11) lib/rails/rack/logger.rb:16:in `call'
  actionpack (3.2.11) lib/action_dispatch/middleware/request_id.rb:22:in `call'
  rack (1.4.4) lib/rack/methodoverride.rb:21:in `call'
  rack (1.4.4) lib/rack/runtime.rb:17:in `call'
  activesupport (3.2.11) lib/active_support/cache/strategy/local_cache.rb:72:in `call'
  rack (1.4.4) lib/rack/lock.rb:15:in `call'
  actionpack (3.2.11) lib/action_dispatch/middleware/static.rb:62:in `call'
  railties (3.2.11) lib/rails/engine.rb:479:in `call'
  railties (3.2.11) lib/rails/application.rb:223:in `call'
  rack (1.4.4) lib/rack/content_length.rb:14:in `call'
  railties (3.2.11) lib/rails/rack/log_tailer.rb:17:in `call'
  rack (1.4.4) lib/rack/handler/webrick.rb:59:in `service'
  /home/ec2-user/.rvm/rubies/ruby-1.9.3-p286/lib/ruby/1.9.1/webrick/httpserver.rb:138:in `service'
  /home/ec2-user/.rvm/rubies/ruby-1.9.3-p286/lib/ruby/1.9.1/webrick/httpserver.rb:94:in `run'
  /home/ec2-user/.rvm/rubies/ruby-1.9.3-p286/lib/ruby/1.9.1/webrick/server.rb:191:in `block in start_thread'


  Rendered /home/ec2-user/.rvm/gems/ruby-1.9.3-p286/gems/actionpack-3.2.11/lib/action_dispatch/middleware/templates/rescues/missing_template.erb within rescues/layout (0.7ms)


Started GET "/sessions/new" for 128.84.127.123 at 2013-02-20 18:58:06 +0000
Processing by SessionsController#new as HTML
  Rendered sessions/new.html.erb within layouts/application (3.1ms)
  Rendered layouts/_header.html.erb (1.5ms)
  Rendered layouts/_footer.html.erb (0.1ms)
Completed 200 OK in 35ms (Views: 34.6ms | ActiveRecord: 0.0ms)
Connecting to database specified by database.yml


Started POST "/sessions" for 128.84.127.123 at 2013-02-20 19:23:48 +0000
Processing by SessionsController#create as HTML
  Parameters: {"utf8"=>"✓", "authenticity_token"=>"qIoKsGEyUPo81RAkySJUgsi1Z10ZMYYCVsCTWYuOkDU=", "session"=>{"name"=>"another@example.org", "password"=>"[FILTERED]"}, "commit"=>"Login"}
  [1m[36mUser Load (0.2ms)[0m  [1mSELECT "users".* FROM "users" WHERE "users"."email" IS NULL LIMIT 1[0m
Redirected to http://ec2-54-234-191-169.compute-1.amazonaws.com:3000/sessions/new
Completed 302 Found in 137ms (ActiveRecord: 3.9ms)


Started GET "/sessions/new" for 128.84.127.123 at 2013-02-20 19:23:48 +0000
Processing by SessionsController#new as HTML
  Rendered sessions/new.html.erb within layouts/application (2.8ms)
  Rendered layouts/_header.html.erb (1.6ms)
  Rendered layouts/_footer.html.erb (0.1ms)
Completed 200 OK in 36ms (Views: 35.6ms | ActiveRecord: 0.0ms)


Started POST "/sessions" for 128.84.127.123 at 2013-02-20 19:25:18 +0000
Processing by SessionsController#create as HTML
  Parameters: {"utf8"=>"✓", "authenticity_token"=>"qIoKsGEyUPo81RAkySJUgsi1Z10ZMYYCVsCTWYuOkDU=", "session"=>{"email"=>"ms969@cornell.edu", "password"=>"[FILTERED]"}, "commit"=>"Login"}
  [1m[35mUser Load (0.3ms)[0m  SELECT "users".* FROM "users" WHERE "users"."email" = 'ms969@cornell.edu' LIMIT 1
Redirected to http://ec2-54-234-191-169.compute-1.amazonaws.com:3000/users/5
Completed 302 Found in 15ms (ActiveRecord: 0.3ms)


Started GET "/users/5" for 128.84.127.123 at 2013-02-20 19:25:18 +0000
Processing by UsersController#show as HTML
  Parameters: {"id"=>"5"}
  [1m[36mUser Load (0.3ms)[0m  [1mSELECT "users".* FROM "users" WHERE "users"."id" = ? LIMIT 1[0m  [["id", "5"]]
  [1m[35mMicroPost Load (0.1ms)[0m  SELECT "micro_posts".* FROM "micro_posts" WHERE "micro_posts"."user_id" = 5
  Rendered collection (0.0ms)
  Rendered users/show.html.erb within layouts/application (67.8ms)
  Rendered layouts/_header.html.erb (1.3ms)
  Rendered layouts/_footer.html.erb (0.1ms)
Completed 200 OK in 99ms (Views: 96.0ms | ActiveRecord: 0.8ms)


Started GET "/users/5" for 128.84.127.123 at 2013-02-20 19:27:00 +0000
Processing by UsersController#show as HTML
  Parameters: {"id"=>"5"}
  [1m[36mUser Load (0.3ms)[0m  [1mSELECT "users".* FROM "users" WHERE "users"."id" = ? LIMIT 1[0m  [["id", "5"]]
  [1m[35mMicroPost Load (0.2ms)[0m  SELECT "micro_posts".* FROM "micro_posts" WHERE "micro_posts"."user_id" = 5
  Rendered collection (0.0ms)
  Rendered users/show.html.erb within layouts/application (6.1ms)
  Rendered layouts/_header.html.erb (1.8ms)
  Rendered layouts/_footer.html.erb (0.1ms)
Completed 200 OK in 86ms (Views: 83.9ms | ActiveRecord: 0.5ms)


Started GET "/sessions/new" for 128.84.127.123 at 2013-02-20 19:27:06 +0000
Processing by SessionsController#new as HTML
  Rendered sessions/new.html.erb within layouts/application (1.7ms)
  Rendered layouts/_header.html.erb (1.3ms)
  Rendered layouts/_footer.html.erb (0.1ms)
Completed 200 OK in 30ms (Views: 29.2ms | ActiveRecord: 0.0ms)


Started POST "/sessions" for 128.84.127.123 at 2013-02-20 19:27:23 +0000
Processing by SessionsController#create as HTML
  Parameters: {"utf8"=>"✓", "authenticity_token"=>"qIoKsGEyUPo81RAkySJUgsi1Z10ZMYYCVsCTWYuOkDU=", "session"=>{"email"=>"ms969@cornell.edu", "password"=>"[FILTERED]"}, "commit"=>"Login"}
  [1m[36mUser Load (0.2ms)[0m  [1mSELECT "users".* FROM "users" WHERE "users"."email" = 'ms969@cornell.edu' LIMIT 1[0m
Redirected to http://ec2-54-234-191-169.compute-1.amazonaws.com:3000/users/5
Completed 302 Found in 2ms (ActiveRecord: 0.2ms)


Started GET "/users/5" for 128.84.127.123 at 2013-02-20 19:27:23 +0000
Processing by UsersController#show as HTML
  Parameters: {"id"=>"5"}
  [1m[35mUser Load (0.1ms)[0m  SELECT "users".* FROM "users" WHERE "users"."id" = ? LIMIT 1  [["id", "5"]]
  [1m[36mMicroPost Load (0.1ms)[0m  [1mSELECT "micro_posts".* FROM "micro_posts" WHERE "micro_posts"."user_id" = 5[0m
  Rendered collection (0.0ms)
  Rendered users/show.html.erb within layouts/application (3.7ms)
  Rendered layouts/_header.html.erb (1.4ms)
  Rendered layouts/_footer.html.erb (0.1ms)
Completed 200 OK in 72ms (Views: 71.0ms | ActiveRecord: 0.3ms)


Started GET "/" for 128.84.127.123 at 2013-02-20 19:44:22 +0000
Processing by StaticPagesController#home as HTML
  [1m[35mUser Load (0.2ms)[0m  SELECT "users".* FROM "users" WHERE "users"."id" = 5 LIMIT 1
  Rendered static_pages/home.html.erb within layouts/application (2.3ms)
  Rendered layouts/_header.html.erb (3.4ms)
  Rendered layouts/_footer.html.erb (0.1ms)
Completed 200 OK in 71ms (Views: 70.0ms | ActiveRecord: 0.2ms)


Started DELETE "/sessions/5" for 128.84.127.123 at 2013-02-20 19:44:23 +0000
Processing by SessionsController#destroy as HTML
  Parameters: {"authenticity_token"=>"qIoKsGEyUPo81RAkySJUgsi1Z10ZMYYCVsCTWYuOkDU=", "id"=>"5"}
Completed 500 Internal Server Error in 2ms

ActionView::MissingTemplate (Missing template sessions/destroy, application/destroy with {:locale=>[:en], :formats=>[:html], :handlers=>[:erb, :builder, :coffee]}. Searched in:
  * "/home/ec2-user/apps/info2310/app/views"
):
  actionpack (3.2.11) lib/action_view/path_set.rb:58:in `find'
  actionpack (3.2.11) lib/action_view/lookup_context.rb:109:in `find'
  actionpack (3.2.11) lib/action_view/renderer/abstract_renderer.rb:3:in `find_template'
  actionpack (3.2.11) lib/action_view/renderer/template_renderer.rb:34:in `determine_template'
  actionpack (3.2.11) lib/action_view/renderer/template_renderer.rb:10:in `render'
  actionpack (3.2.11) lib/action_view/renderer/renderer.rb:36:in `render_template'
  actionpack (3.2.11) lib/action_view/renderer/renderer.rb:17:in `render'
  actionpack (3.2.11) lib/abstract_controller/rendering.rb:110:in `_render_template'
  actionpack (3.2.11) lib/action_controller/metal/streaming.rb:225:in `_render_template'
  actionpack (3.2.11) lib/abstract_controller/rendering.rb:103:in `render_to_body'
  actionpack (3.2.11) lib/action_controller/metal/renderers.rb:28:in `render_to_body'
  actionpack (3.2.11) lib/action_controller/metal/compatibility.rb:50:in `render_to_body'
  actionpack (3.2.11) lib/abstract_controller/rendering.rb:88:in `render'
  actionpack (3.2.11) lib/action_controller/metal/rendering.rb:16:in `render'
  actionpack (3.2.11) lib/action_controller/metal/instrumentation.rb:40:in `block (2 levels) in render'
  activesupport (3.2.11) lib/active_support/core_ext/benchmark.rb:5:in `block in ms'
  /home/ec2-user/.rvm/rubies/ruby-1.9.3-p286/lib/ruby/1.9.1/benchmark.rb:295:in `realtime'
  activesupport (3.2.11) lib/active_support/core_ext/benchmark.rb:5:in `ms'
  actionpack (3.2.11) lib/action_controller/metal/instrumentation.rb:40:in `block in render'
  actionpack (3.2.11) lib/action_controller/metal/instrumentation.rb:83:in `cleanup_view_runtime'
  activerecord (3.2.11) lib/active_record/railties/controller_runtime.rb:24:in `cleanup_view_runtime'
  actionpack (3.2.11) lib/action_controller/metal/instrumentation.rb:39:in `render'
  actionpack (3.2.11) lib/action_controller/metal/implicit_render.rb:10:in `default_render'
  actionpack (3.2.11) lib/action_controller/metal/implicit_render.rb:5:in `send_action'
  actionpack (3.2.11) lib/abstract_controller/base.rb:167:in `process_action'
  actionpack (3.2.11) lib/action_controller/metal/rendering.rb:10:in `process_action'
  actionpack (3.2.11) lib/abstract_controller/callbacks.rb:18:in `block in process_action'
  activesupport (3.2.11) lib/active_support/callbacks.rb:414:in `_run__2381070778656239052__process_action__2438255120693746644__callbacks'
  activesupport (3.2.11) lib/active_support/callbacks.rb:405:in `__run_callback'
  activesupport (3.2.11) lib/active_support/callbacks.rb:385:in `_run_process_action_callbacks'
  activesupport (3.2.11) lib/active_support/callbacks.rb:81:in `run_callbacks'
  actionpack (3.2.11) lib/abstract_controller/callbacks.rb:17:in `process_action'
  actionpack (3.2.11) lib/action_controller/metal/rescue.rb:29:in `process_action'
  actionpack (3.2.11) lib/action_controller/metal/instrumentation.rb:30:in `block in process_action'
  activesupport (3.2.11) lib/active_support/notifications.rb:123:in `block in instrument'
  activesupport (3.2.11) lib/active_support/notifications/instrumenter.rb:20:in `instrument'
  activesupport (3.2.11) lib/active_support/notifications.rb:123:in `instrument'
  actionpack (3.2.11) lib/action_controller/metal/instrumentation.rb:29:in `process_action'
  actionpack (3.2.11) lib/action_controller/metal/params_wrapper.rb:207:in `process_action'
  activerecord (3.2.11) lib/active_record/railties/controller_runtime.rb:18:in `process_action'
  actionpack (3.2.11) lib/abstract_controller/base.rb:121:in `process'
  actionpack (3.2.11) lib/abstract_controller/rendering.rb:45:in `process'
  actionpack (3.2.11) lib/action_controller/metal.rb:203:in `dispatch'
  actionpack (3.2.11) lib/action_controller/metal/rack_delegation.rb:14:in `dispatch'
  actionpack (3.2.11) lib/action_controller/metal.rb:246:in `block in action'
  actionpack (3.2.11) lib/action_dispatch/routing/route_set.rb:73:in `call'
  actionpack (3.2.11) lib/action_dispatch/routing/route_set.rb:73:in `dispatch'
  actionpack (3.2.11) lib/action_dispatch/routing/route_set.rb:36:in `call'
  journey (1.0.4) lib/journey/router.rb:68:in `block in call'
  journey (1.0.4) lib/journey/router.rb:56:in `each'
  journey (1.0.4) lib/journey/router.rb:56:in `call'
  actionpack (3.2.11) lib/action_dispatch/routing/route_set.rb:601:in `call'
  actionpack (3.2.11) lib/action_dispatch/middleware/best_standards_support.rb:17:in `call'
  rack (1.4.4) lib/rack/etag.rb:23:in `call'
  rack (1.4.4) lib/rack/conditionalget.rb:35:in `call'
  actionpack (3.2.11) lib/action_dispatch/middleware/head.rb:14:in `call'
  actionpack (3.2.11) lib/action_dispatch/middleware/params_parser.rb:21:in `call'
  actionpack (3.2.11) lib/action_dispatch/middleware/flash.rb:242:in `call'
  rack (1.4.4) lib/rack/session/abstract/id.rb:210:in `context'
  rack (1.4.4) lib/rack/session/abstract/id.rb:205:in `call'
  actionpack (3.2.11) lib/action_dispatch/middleware/cookies.rb:341:in `call'
  activerecord (3.2.11) lib/active_record/query_cache.rb:64:in `call'
  activerecord (3.2.11) lib/active_record/connection_adapters/abstract/connection_pool.rb:479:in `call'
  actionpack (3.2.11) lib/action_dispatch/middleware/callbacks.rb:28:in `block in call'
  activesupport (3.2.11) lib/active_support/callbacks.rb:405:in `_run__3709997728617184138__call__2025992037555289073__callbacks'
  activesupport (3.2.11) lib/active_support/callbacks.rb:405:in `__run_callback'
  activesupport (3.2.11) lib/active_support/callbacks.rb:385:in `_run_call_callbacks'
  activesupport (3.2.11) lib/active_support/callbacks.rb:81:in `run_callbacks'
  actionpack (3.2.11) lib/action_dispatch/middleware/callbacks.rb:27:in `call'
  actionpack (3.2.11) lib/action_dispatch/middleware/reloader.rb:65:in `call'
  actionpack (3.2.11) lib/action_dispatch/middleware/remote_ip.rb:31:in `call'
  actionpack (3.2.11) lib/action_dispatch/middleware/debug_exceptions.rb:16:in `call'
  actionpack (3.2.11) lib/action_dispatch/middleware/show_exceptions.rb:56:in `call'
  railties (3.2.11) lib/rails/rack/logger.rb:32:in `call_app'
  railties (3.2.11) lib/rails/rack/logger.rb:16:in `block in call'
  activesupport (3.2.11) lib/active_support/tagged_logging.rb:22:in `tagged'
  railties (3.2.11) lib/rails/rack/logger.rb:16:in `call'
  actionpack (3.2.11) lib/action_dispatch/middleware/request_id.rb:22:in `call'
  rack (1.4.4) lib/rack/methodoverride.rb:21:in `call'
  rack (1.4.4) lib/rack/runtime.rb:17:in `call'
  activesupport (3.2.11) lib/active_support/cache/strategy/local_cache.rb:72:in `call'
  rack (1.4.4) lib/rack/lock.rb:15:in `call'
  actionpack (3.2.11) lib/action_dispatch/middleware/static.rb:62:in `call'
  railties (3.2.11) lib/rails/engine.rb:479:in `call'
  railties (3.2.11) lib/rails/application.rb:223:in `call'
  rack (1.4.4) lib/rack/content_length.rb:14:in `call'
  railties (3.2.11) lib/rails/rack/log_tailer.rb:17:in `call'
  rack (1.4.4) lib/rack/handler/webrick.rb:59:in `service'
  /home/ec2-user/.rvm/rubies/ruby-1.9.3-p286/lib/ruby/1.9.1/webrick/httpserver.rb:138:in `service'
  /home/ec2-user/.rvm/rubies/ruby-1.9.3-p286/lib/ruby/1.9.1/webrick/httpserver.rb:94:in `run'
  /home/ec2-user/.rvm/rubies/ruby-1.9.3-p286/lib/ruby/1.9.1/webrick/server.rb:191:in `block in start_thread'


  Rendered /home/ec2-user/.rvm/gems/ruby-1.9.3-p286/gems/actionpack-3.2.11/lib/action_dispatch/middleware/templates/rescues/missing_template.erb within rescues/layout (0.6ms)


Started GET "/" for 128.84.127.123 at 2013-02-20 19:44:29 +0000
Processing by StaticPagesController#home as HTML
  [1m[36mUser Load (0.2ms)[0m  [1mSELECT "users".* FROM "users" WHERE "users"."id" = 5 LIMIT 1[0m
  Rendered static_pages/home.html.erb within layouts/application (1.6ms)
  Rendered layouts/_header.html.erb (2.4ms)
  Rendered layouts/_footer.html.erb (0.1ms)
Completed 200 OK in 32ms (Views: 31.4ms | ActiveRecord: 0.2ms)


Started DELETE "/sessions/5" for 128.84.127.123 at 2013-02-20 19:44:34 +0000
Processing by SessionsController#destroy as HTML
  Parameters: {"authenticity_token"=>"qIoKsGEyUPo81RAkySJUgsi1Z10ZMYYCVsCTWYuOkDU=", "id"=>"5"}
Completed 500 Internal Server Error in 1ms

ActionView::MissingTemplate (Missing template sessions/destroy, application/destroy with {:locale=>[:en], :formats=>[:html], :handlers=>[:erb, :builder, :coffee]}. Searched in:
  * "/home/ec2-user/apps/info2310/app/views"
):
  actionpack (3.2.11) lib/action_view/path_set.rb:58:in `find'
  actionpack (3.2.11) lib/action_view/lookup_context.rb:109:in `find'
  actionpack (3.2.11) lib/action_view/renderer/abstract_renderer.rb:3:in `find_template'
  actionpack (3.2.11) lib/action_view/renderer/template_renderer.rb:34:in `determine_template'
  actionpack (3.2.11) lib/action_view/renderer/template_renderer.rb:10:in `render'
  actionpack (3.2.11) lib/action_view/renderer/renderer.rb:36:in `render_template'
  actionpack (3.2.11) lib/action_view/renderer/renderer.rb:17:in `render'
  actionpack (3.2.11) lib/abstract_controller/rendering.rb:110:in `_render_template'
  actionpack (3.2.11) lib/action_controller/metal/streaming.rb:225:in `_render_template'
  actionpack (3.2.11) lib/abstract_controller/rendering.rb:103:in `render_to_body'
  actionpack (3.2.11) lib/action_controller/metal/renderers.rb:28:in `render_to_body'
  actionpack (3.2.11) lib/action_controller/metal/compatibility.rb:50:in `render_to_body'
  actionpack (3.2.11) lib/abstract_controller/rendering.rb:88:in `render'
  actionpack (3.2.11) lib/action_controller/metal/rendering.rb:16:in `render'
  actionpack (3.2.11) lib/action_controller/metal/instrumentation.rb:40:in `block (2 levels) in render'
  activesupport (3.2.11) lib/active_support/core_ext/benchmark.rb:5:in `block in ms'
  /home/ec2-user/.rvm/rubies/ruby-1.9.3-p286/lib/ruby/1.9.1/benchmark.rb:295:in `realtime'
  activesupport (3.2.11) lib/active_support/core_ext/benchmark.rb:5:in `ms'
  actionpack (3.2.11) lib/action_controller/metal/instrumentation.rb:40:in `block in render'
  actionpack (3.2.11) lib/action_controller/metal/instrumentation.rb:83:in `cleanup_view_runtime'
  activerecord (3.2.11) lib/active_record/railties/controller_runtime.rb:24:in `cleanup_view_runtime'
  actionpack (3.2.11) lib/action_controller/metal/instrumentation.rb:39:in `render'
  actionpack (3.2.11) lib/action_controller/metal/implicit_render.rb:10:in `default_render'
  actionpack (3.2.11) lib/action_controller/metal/implicit_render.rb:5:in `send_action'
  actionpack (3.2.11) lib/abstract_controller/base.rb:167:in `process_action'
  actionpack (3.2.11) lib/action_controller/metal/rendering.rb:10:in `process_action'
  actionpack (3.2.11) lib/abstract_controller/callbacks.rb:18:in `block in process_action'
  activesupport (3.2.11) lib/active_support/callbacks.rb:414:in `_run__2381070778656239052__process_action__2438255120693746644__callbacks'
  activesupport (3.2.11) lib/active_support/callbacks.rb:405:in `__run_callback'
  activesupport (3.2.11) lib/active_support/callbacks.rb:385:in `_run_process_action_callbacks'
  activesupport (3.2.11) lib/active_support/callbacks.rb:81:in `run_callbacks'
  actionpack (3.2.11) lib/abstract_controller/callbacks.rb:17:in `process_action'
  actionpack (3.2.11) lib/action_controller/metal/rescue.rb:29:in `process_action'
  actionpack (3.2.11) lib/action_controller/metal/instrumentation.rb:30:in `block in process_action'
  activesupport (3.2.11) lib/active_support/notifications.rb:123:in `block in instrument'
  activesupport (3.2.11) lib/active_support/notifications/instrumenter.rb:20:in `instrument'
  activesupport (3.2.11) lib/active_support/notifications.rb:123:in `instrument'
  actionpack (3.2.11) lib/action_controller/metal/instrumentation.rb:29:in `process_action'
  actionpack (3.2.11) lib/action_controller/metal/params_wrapper.rb:207:in `process_action'
  activerecord (3.2.11) lib/active_record/railties/controller_runtime.rb:18:in `process_action'
  actionpack (3.2.11) lib/abstract_controller/base.rb:121:in `process'
  actionpack (3.2.11) lib/abstract_controller/rendering.rb:45:in `process'
  actionpack (3.2.11) lib/action_controller/metal.rb:203:in `dispatch'
  actionpack (3.2.11) lib/action_controller/metal/rack_delegation.rb:14:in `dispatch'
  actionpack (3.2.11) lib/action_controller/metal.rb:246:in `block in action'
  actionpack (3.2.11) lib/action_dispatch/routing/route_set.rb:73:in `call'
  actionpack (3.2.11) lib/action_dispatch/routing/route_set.rb:73:in `dispatch'
  actionpack (3.2.11) lib/action_dispatch/routing/route_set.rb:36:in `call'
  journey (1.0.4) lib/journey/router.rb:68:in `block in call'
  journey (1.0.4) lib/journey/router.rb:56:in `each'
  journey (1.0.4) lib/journey/router.rb:56:in `call'
  actionpack (3.2.11) lib/action_dispatch/routing/route_set.rb:601:in `call'
  actionpack (3.2.11) lib/action_dispatch/middleware/best_standards_support.rb:17:in `call'
  rack (1.4.4) lib/rack/etag.rb:23:in `call'
  rack (1.4.4) lib/rack/conditionalget.rb:35:in `call'
  actionpack (3.2.11) lib/action_dispatch/middleware/head.rb:14:in `call'
  actionpack (3.2.11) lib/action_dispatch/middleware/params_parser.rb:21:in `call'
  actionpack (3.2.11) lib/action_dispatch/middleware/flash.rb:242:in `call'
  rack (1.4.4) lib/rack/session/abstract/id.rb:210:in `context'
  rack (1.4.4) lib/rack/session/abstract/id.rb:205:in `call'
  actionpack (3.2.11) lib/action_dispatch/middleware/cookies.rb:341:in `call'
  activerecord (3.2.11) lib/active_record/query_cache.rb:64:in `call'
  activerecord (3.2.11) lib/active_record/connection_adapters/abstract/connection_pool.rb:479:in `call'
  actionpack (3.2.11) lib/action_dispatch/middleware/callbacks.rb:28:in `block in call'
  activesupport (3.2.11) lib/active_support/callbacks.rb:405:in `_run__3709997728617184138__call__2025992037555289073__callbacks'
  activesupport (3.2.11) lib/active_support/callbacks.rb:405:in `__run_callback'
  activesupport (3.2.11) lib/active_support/callbacks.rb:385:in `_run_call_callbacks'
  activesupport (3.2.11) lib/active_support/callbacks.rb:81:in `run_callbacks'
  actionpack (3.2.11) lib/action_dispatch/middleware/callbacks.rb:27:in `call'
  actionpack (3.2.11) lib/action_dispatch/middleware/reloader.rb:65:in `call'
  actionpack (3.2.11) lib/action_dispatch/middleware/remote_ip.rb:31:in `call'
  actionpack (3.2.11) lib/action_dispatch/middleware/debug_exceptions.rb:16:in `call'
  actionpack (3.2.11) lib/action_dispatch/middleware/show_exceptions.rb:56:in `call'
  railties (3.2.11) lib/rails/rack/logger.rb:32:in `call_app'
  railties (3.2.11) lib/rails/rack/logger.rb:16:in `block in call'
  activesupport (3.2.11) lib/active_support/tagged_logging.rb:22:in `tagged'
  railties (3.2.11) lib/rails/rack/logger.rb:16:in `call'
  actionpack (3.2.11) lib/action_dispatch/middleware/request_id.rb:22:in `call'
  rack (1.4.4) lib/rack/methodoverride.rb:21:in `call'
  rack (1.4.4) lib/rack/runtime.rb:17:in `call'
  activesupport (3.2.11) lib/active_support/cache/strategy/local_cache.rb:72:in `call'
  rack (1.4.4) lib/rack/lock.rb:15:in `call'
  actionpack (3.2.11) lib/action_dispatch/middleware/static.rb:62:in `call'
  railties (3.2.11) lib/rails/engine.rb:479:in `call'
  railties (3.2.11) lib/rails/application.rb:223:in `call'
  rack (1.4.4) lib/rack/content_length.rb:14:in `call'
  railties (3.2.11) lib/rails/rack/log_tailer.rb:17:in `call'
  rack (1.4.4) lib/rack/handler/webrick.rb:59:in `service'
  /home/ec2-user/.rvm/rubies/ruby-1.9.3-p286/lib/ruby/1.9.1/webrick/httpserver.rb:138:in `service'
  /home/ec2-user/.rvm/rubies/ruby-1.9.3-p286/lib/ruby/1.9.1/webrick/httpserver.rb:94:in `run'
  /home/ec2-user/.rvm/rubies/ruby-1.9.3-p286/lib/ruby/1.9.1/webrick/server.rb:191:in `block in start_thread'


  Rendered /home/ec2-user/.rvm/gems/ruby-1.9.3-p286/gems/actionpack-3.2.11/lib/action_dispatch/middleware/templates/rescues/missing_template.erb within rescues/layout (0.6ms)


Started GET "/users/5" for 128.84.127.123 at 2013-02-20 19:44:37 +0000
Processing by UsersController#show as HTML
  Parameters: {"id"=>"5"}
  [1m[35mUser Load (0.1ms)[0m  SELECT "users".* FROM "users" WHERE "users"."id" = ? LIMIT 1  [["id", "5"]]
  [1m[36mMicroPost Load (0.2ms)[0m  [1mSELECT "micro_posts".* FROM "micro_posts" WHERE "micro_posts"."user_id" = 5[0m
  Rendered collection (0.0ms)
  Rendered users/show.html.erb within layouts/application (3.9ms)
  [1m[35mUser Load (0.2ms)[0m  SELECT "users".* FROM "users" WHERE "users"."id" = 5 LIMIT 1
  Rendered layouts/_header.html.erb (4.0ms)
  Rendered layouts/_footer.html.erb (0.1ms)
Completed 200 OK in 79ms (Views: 77.0ms | ActiveRecord: 0.5ms)
